#
# There is insufficient memory for the Java Runtime Environment to continue.
# Native memory allocation (mmap) failed to map 230686720 bytes for G1 virtual space
# Possible reasons:
#   The system is out of physical RAM or swap space
#   The process is running with CompressedOops enabled, and the Java Heap may be blocking the growth of the native heap
# Possible solutions:
#   Reduce memory load on the system
#   Increase physical memory or swap space
#   Check if swap backing store is full
#   Decrease Java heap size (-Xmx/-Xms)
#   Decrease number of Java threads
#   Decrease Java thread stack sizes (-Xss)
#   Set larger code cache with -XX:ReservedCodeCacheSize=
#   JVM is running with Zero Based Compressed Oops mode in which the Java heap is
#     placed in the first 32GB address space. The Java Heap base address is the
#     maximum limit for the native heap growth. Please use -XX:HeapBaseMinAddress
#     to set the Java Heap base and to place the Java Heap above 32GB virtual address.
# This output file may be truncated or incomplete.
#
#  Out of Memory Error (os_windows.cpp:3550), pid=15748, tid=5028
#
# JRE version:  (17.0.7+8) (build )
# Java VM: Java HotSpot(TM) 64-Bit Server VM (17.0.7+8-LTS-224, mixed mode, sharing, tiered, compressed oops, compressed class ptrs, g1 gc, windows-amd64)
# No core dump will be written. Minidumps are not enabled by default on client versions of Windows
#

---------------  S U M M A R Y ------------

Command Line: -Dclassworlds.conf=C:\Users\Admin\.m2\wrapper\dists\apache-maven-3.9.9\977a63e90f436cd6ade95b4c0e10c20c\bin\m2.conf -Dmaven.home=C:\Users\Admin\.m2\wrapper\dists\apache-maven-3.9.9\977a63e90f436cd6ade95b4c0e10c20c -Dlibrary.jansi.path=C:\Users\Admin\.m2\wrapper\dists\apache-maven-3.9.9\977a63e90f436cd6ade95b4c0e10c20c\lib\jansi-native -Dmaven.multiModuleProjectDirectory=D:\projects\japango\be org.codehaus.plexus.classworlds.launcher.Launcher spring-boot:build-image -Dspring-boot.build-image.imageName=nda2105/japango

Host: AMD Ryzen 5 6600HS Creator Edition             , 12 cores, 13G,  Windows 11 , 64 bit Build 22621 (10.0.22621.4391)
Time: Mon Dec  9 00:09:26 2024 SE Asia Standard Time elapsed time: 0.013827 seconds (0d 0h 0m 0s)

---------------  T H R E A D  ---------------

Current thread (0x00000226e66d5b30):  JavaThread "Unknown thread" [_thread_in_vm, id=5028, stack(0x000000b0d6100000,0x000000b0d6200000)]

Stack: [0x000000b0d6100000,0x000000b0d6200000]
Native frames: (J=compiled Java code, j=interpreted, Vv=VM code, C=native code)
V  [jvm.dll+0x676a4a]
V  [jvm.dll+0x7d74f4]
V  [jvm.dll+0x7d8c9e]
V  [jvm.dll+0x7d9303]
V  [jvm.dll+0x2452c5]
V  [jvm.dll+0x6738f9]
V  [jvm.dll+0x668232]
V  [jvm.dll+0x302826]
V  [jvm.dll+0x309da6]
V  [jvm.dll+0x35952e]
V  [jvm.dll+0x35975f]
V  [jvm.dll+0x2d9a38]
V  [jvm.dll+0x2da9a4]
V  [jvm.dll+0x7a8fb1]
V  [jvm.dll+0x3670e1]
V  [jvm.dll+0x788359]
V  [jvm.dll+0x3ea5ef]
V  [jvm.dll+0x3ec071]
C  [jli.dll+0x5297]
C  [ucrtbase.dll+0x29333]
C  [KERNEL32.DLL+0x1259d]
C  [ntdll.dll+0x5af38]


---------------  P R O C E S S  ---------------

Threads class SMR info:
_java_thread_list=0x00007ffd84ce4998, length=0, elements={
}

Java Threads: ( => current thread )

Other Threads:
  0x00000226e6735aa0 GCTaskThread "GC Thread#0" [stack: 0x000000b0d6200000,0x000000b0d6300000] [id=17384]
  0x00000226e67444f0 ConcurrentGCThread "G1 Main Marker" [stack: 0x000000b0d6300000,0x000000b0d6400000] [id=12516]
  0x00000226e6745f10 ConcurrentGCThread "G1 Conc#0" [stack: 0x000000b0d6400000,0x000000b0d6500000] [id=23068]

[error occurred during error reporting (printing all threads), id 0xc0000005, EXCEPTION_ACCESS_VIOLATION (0xc0000005) at pc=0x00007ffd8451a697]

VM state: not at safepoint (not fully initialized)

VM Mutex/Monitor currently owned by a thread:  ([mutex/lock_event])
[0x00000226e66d0d60] Heap_lock - owner thread: 0x00000226e66d5b30

Heap address: 0x0000000724e00000, size: 3506 MB, Compressed Oops mode: Zero based, Oop shift amount: 3

CDS archive(s) mapped at: [0x0000000000000000-0x0000000000000000-0x0000000000000000), size 0, SharedBaseAddress: 0x0000000800000000, ArchiveRelocationMode: 0.
Narrow klass base: 0x0000000000000000, Narrow klass shift: 0, Narrow klass range: 0x0

GC Precious Log:
<Empty>

Heap:
 garbage-first heap   total 0K, used 0K [0x0000000724e00000, 0x0000000800000000)
  region size 2048K, 0 young (0K), 0 survivors (0K)

[error occurred during error reporting (printing heap information), id 0xc0000005, EXCEPTION_ACCESS_VIOLATION (0xc0000005) at pc=0x00007ffd849000b9]

GC Heap History (0 events):
No events

Deoptimization events (0 events):
No events

Classes unloaded (0 events):
No events

Classes redefined (0 events):
No events

Internal exceptions (0 events):
No events

VM Operations (0 events):
No events

Events (1 events):
Event: 0.008 Loaded shared library C:\Program Files\Java\jdk-17\bin\java.dll


Dynamic libraries:
0x00007ff6e5da0000 - 0x00007ff6e5db0000 	C:\Program Files\Java\jdk-17\bin\java.exe
0x00007ffdbd130000 - 0x00007ffdbd347000 	C:\WINDOWS\SYSTEM32\ntdll.dll
0x00007ffdbbb90000 - 0x00007ffdbbc54000 	C:\WINDOWS\System32\KERNEL32.DLL
0x00007ffdba4b0000 - 0x00007ffdba869000 	C:\WINDOWS\System32\KERNELBASE.dll
0x00007ffdba870000 - 0x00007ffdba981000 	C:\WINDOWS\System32\ucrtbase.dll
0x00007ffd9fb80000 - 0x00007ffd9fb99000 	C:\Program Files\Java\jdk-17\bin\jli.dll
0x00007ffda8910000 - 0x00007ffda892b000 	C:\Program Files\Java\jdk-17\bin\VCRUNTIME140.dll
0x00007ffdbbd00000 - 0x00007ffdbbdb2000 	C:\WINDOWS\System32\ADVAPI32.dll
0x00007ffdbbfe0000 - 0x00007ffdbc087000 	C:\WINDOWS\System32\msvcrt.dll
0x00007ffdbbdf0000 - 0x00007ffdbbe97000 	C:\WINDOWS\System32\sechost.dll
0x00007ffdbaa00000 - 0x00007ffdbaa28000 	C:\WINDOWS\System32\bcrypt.dll
0x00007ffdbba10000 - 0x00007ffdbbb24000 	C:\WINDOWS\System32\RPCRT4.dll
0x00007ffdbc310000 - 0x00007ffdbc4be000 	C:\WINDOWS\System32\USER32.dll
0x00007ffdbac40000 - 0x00007ffdbac66000 	C:\WINDOWS\System32\win32u.dll
0x00007ffd916f0000 - 0x00007ffd91982000 	C:\WINDOWS\WinSxS\amd64_microsoft.windows.common-controls_6595b64144ccf1df_6.0.22621.4391_none_2715d37f73803e96\COMCTL32.dll
0x00007ffdbd0c0000 - 0x00007ffdbd0e9000 	C:\WINDOWS\System32\GDI32.dll
0x00007ffdbac70000 - 0x00007ffdbad8b000 	C:\WINDOWS\System32\gdi32full.dll
0x00007ffdbaa30000 - 0x00007ffdbaaca000 	C:\WINDOWS\System32\msvcp_win.dll
0x00007ffdb0e70000 - 0x00007ffdb0e7a000 	C:\WINDOWS\SYSTEM32\VERSION.dll
0x00007ffdbaea0000 - 0x00007ffdbaed1000 	C:\WINDOWS\System32\IMM32.DLL
0x00007ffda8900000 - 0x00007ffda890c000 	C:\Program Files\Java\jdk-17\bin\vcruntime140_1.dll
0x00007ffd9e000000 - 0x00007ffd9e08e000 	C:\Program Files\Java\jdk-17\bin\msvcp140.dll
0x00007ffd84230000 - 0x00007ffd84e0d000 	C:\Program Files\Java\jdk-17\bin\server\jvm.dll
0x00007ffdbbdc0000 - 0x00007ffdbbdc8000 	C:\WINDOWS\System32\PSAPI.DLL
0x00007ffd8b3a0000 - 0x00007ffd8b3a9000 	C:\WINDOWS\SYSTEM32\WSOCK32.dll
0x00007ffdb46f0000 - 0x00007ffdb4724000 	C:\WINDOWS\SYSTEM32\WINMM.dll
0x00007ffdbc090000 - 0x00007ffdbc101000 	C:\WINDOWS\System32\WS2_32.dll
0x00007ffdb9440000 - 0x00007ffdb9458000 	C:\WINDOWS\SYSTEM32\kernel.appcore.dll
0x00007ffda2d20000 - 0x00007ffda2d2a000 	C:\Program Files\Java\jdk-17\bin\jimage.dll
0x00007ffdb7c00000 - 0x00007ffdb7e32000 	C:\WINDOWS\SYSTEM32\DBGHELP.DLL
0x00007ffdbb680000 - 0x00007ffdbba0f000 	C:\WINDOWS\System32\combase.dll
0x00007ffdbaee0000 - 0x00007ffdbafb7000 	C:\WINDOWS\System32\OLEAUT32.dll
0x00007ffda8eb0000 - 0x00007ffda8ee2000 	C:\WINDOWS\SYSTEM32\dbgcore.DLL
0x00007ffdba430000 - 0x00007ffdba4ab000 	C:\WINDOWS\System32\bcryptPrimitives.dll
0x00007ffd9e410000 - 0x00007ffd9e435000 	C:\Program Files\Java\jdk-17\bin\java.dll

dbghelp: loaded successfully - version: 4.0.5 - missing functions: none
symbol engine: initialized successfully - sym options: 0x614 - pdb path: .;C:\Program Files\Java\jdk-17\bin;C:\WINDOWS\SYSTEM32;C:\WINDOWS\WinSxS\amd64_microsoft.windows.common-controls_6595b64144ccf1df_6.0.22621.4391_none_2715d37f73803e96;C:\Program Files\Java\jdk-17\bin\server

VM Arguments:
jvm_args: -Dclassworlds.conf=C:\Users\Admin\.m2\wrapper\dists\apache-maven-3.9.9\977a63e90f436cd6ade95b4c0e10c20c\bin\m2.conf -Dmaven.home=C:\Users\Admin\.m2\wrapper\dists\apache-maven-3.9.9\977a63e90f436cd6ade95b4c0e10c20c -Dlibrary.jansi.path=C:\Users\Admin\.m2\wrapper\dists\apache-maven-3.9.9\977a63e90f436cd6ade95b4c0e10c20c\lib\jansi-native -Dmaven.multiModuleProjectDirectory=D:\projects\japango\be 
java_command: org.codehaus.plexus.classworlds.launcher.Launcher spring-boot:build-image -Dspring-boot.build-image.imageName=nda2105/japango
java_class_path (initial): C:\Users\Admin\.m2\wrapper\dists\apache-maven-3.9.9\977a63e90f436cd6ade95b4c0e10c20c\boot\plexus-classworlds-2.8.0.jar
Launcher Type: SUN_STANDARD

[Global flags]
     intx CICompilerCount                          = 4                                         {product} {ergonomic}
     uint ConcGCThreads                            = 3                                         {product} {ergonomic}
     uint G1ConcRefinementThreads                  = 10                                        {product} {ergonomic}
   size_t G1HeapRegionSize                         = 2097152                                   {product} {ergonomic}
    uintx GCDrainStackTargetSize                   = 64                                        {product} {ergonomic}
   size_t InitialHeapSize                          = 230686720                                 {product} {ergonomic}
   size_t MarkStackSize                            = 4194304                                   {product} {ergonomic}
   size_t MaxHeapSize                              = 3676307456                                {product} {ergonomic}
   size_t MinHeapDeltaBytes                        = 2097152                                   {product} {ergonomic}
   size_t MinHeapSize                              = 8388608                                   {product} {ergonomic}
    uintx NonNMethodCodeHeapSize                   = 5839372                                {pd product} {ergonomic}
    uintx NonProfiledCodeHeapSize                  = 122909434                              {pd product} {ergonomic}
    uintx ProfiledCodeHeapSize                     = 122909434                              {pd product} {ergonomic}
    uintx ReservedCodeCacheSize                    = 251658240                              {pd product} {ergonomic}
     bool SegmentedCodeCache                       = true                                      {product} {ergonomic}
   size_t SoftMaxHeapSize                          = 3676307456                             {manageable} {ergonomic}
     bool UseCompressedClassPointers               = true                           {product lp64_product} {ergonomic}
     bool UseCompressedOops                        = true                           {product lp64_product} {ergonomic}
     bool UseG1GC                                  = true                                      {product} {ergonomic}
     bool UseLargePagesIndividualAllocation        = false                                  {pd product} {ergonomic}

Logging:
Log output configuration:
 #0: stdout all=warning uptime,level,tags
 #1: stderr all=off uptime,level,tags

Environment Variables:
JAVA_HOME=C:\Program Files\Java\jdk-17
PATH=C:\Program Files\Common Files\Oracle\Java\javapath;C:\Windows\system32;C:\Windows;C:\Windows\System32\Wbem;C:\Windows\System32\WindowsPowerShell\v1.0\;C:\Windows\System32\OpenSSH\;C:\Program Files (x86)\NVIDIA Corporation\PhysX\Common;C:\Program Files\NVIDIA Corporation\NVIDIA NvDLISR;C:\WINDOWS\system32;C:\WINDOWS;C:\WINDOWS\System32\Wbem;C:\WINDOWS\System32\WindowsPowerShell\v1.0\;C:\WINDOWS\System32\OpenSSH\;D:\PortableGit\bin;C:\Program Files\Microsoft SQL Server\Client SDK\ODBC\110\Tools\Binn\;C:\Program Files (x86)\Microsoft SQL Server\120\Tools\Binn\;C:\Program Files\Microsoft SQL Server\120\Tools\Binn\;C:\Program Files\Microsoft SQL Server\120\DTS\Binn\;C:\Program Files (x86)\Microsoft SQL Server\120\Tools\Binn\ManagementStudio\;C:\Program Files (x86)\Microsoft SQL Server\120\DTS\Binn\;D:\Tesseract-OCR;C:\Users\Admin\AppData\Local\Packages\PythonSoftwareFoundation.Python.3.11_qbz5n2kfra8p0\LocalCache\local-packages\Python311\Scripts;C:\Program Files\Docker\Docker\resources\bin;C:\Program Files\Microsoft SQL Server\Client SDK\ODBC\170\Tools\Binn\;D:\nvm;D:\nodejs;D:\Git\cmd;D:\nodejs\;C:\Program Files\OpenSSL-Win64\bin;C:\Program Files\Java\jdk-17\bin;C:\MinGW\bin;D:\GnuWin32\bin;C:\Program Files\dotnet\;C:\Program Files (x86)\WiX Toolset v3.11\bin;C:\Apache24\bin;D:\PostgreSQL\16\bin;D:\elasticsearch-8.13.4\bin;C:\Program Files\Microsoft SQL Server\150\Tools\Binn\;C:\Users\Admin\AppData\Local\Programs\Python\Python312\Scripts\;C:\Users\Admin\AppData\Local\Programs\Python\Python312\;C:\Users\Admin\AppData\Local\Programs\Python\Python39\Scripts\;C:\Users\Admin\AppData\Local\Programs\Python\Python39\;C:\Users\Admin\AppData\Local\Microsoft\WindowsApps;D:\JetBrains\IntelliJ IDEA Community Edition 2023.1.2\bin;;D:\Microsoft VS Code\bin;D:\nvm;D:\nodejs;C:\Users\Admin\AppData\Roaming\npm;D:\heroku\bin;D:\JetBrains\PyCharm 2023.2.1\bin;;D:\JetBrains\CLion 2023.2.2\bin;;C:\Users\Admin\.dotnet\tools
USERNAME=Admin
OS=Windows_NT
PROCESSOR_IDENTIFIER=AMD64 Family 25 Model 68 Stepping 1, AuthenticAMD



---------------  S Y S T E M  ---------------

OS:
 Windows 11 , 64 bit Build 22621 (10.0.22621.4391)
OS uptime: 0 days 0:23 hours
Hyper-V role detected

CPU: total 12 (initial active 12) (12 cores per cpu, 2 threads per core) family 25 model 68 stepping 1 microcode 0x0, cx8, cmov, fxsr, ht, mmx, 3dnowpref, sse, sse2, sse3, ssse3, sse4a, sse4.1, sse4.2, popcnt, lzcnt, tsc, tscinvbit, avx, avx2, aes, erms, clmul, bmi1, bmi2, adx, sha, fma, vzeroupper, clflush, clflushopt, hv

Memory: 4k page, system-wide physical 14020M (908M free)
TotalPageFile size 26530M (AvailPageFile size 143M)
current process WorkingSet (physical memory assigned to process): 11M, peak: 11M
current process commit charge ("private bytes"): 64M, peak: 284M

vm_info: Java HotSpot(TM) 64-Bit Server VM (17.0.7+8-LTS-224) for windows-amd64 JRE (17.0.7+8-LTS-224), built on Feb 28 2023 23:03:02 by "mach5one" with MS VC++ 17.1 (VS2022)

END.
